[2026-03-18T08:40:04.355+0000] {local_task_job_runner.py:120} INFO - ::group::Pre task execution logs
[2026-03-18T08:40:04.371+0000] {taskinstance.py:2073} INFO - Dependencies all met for dep_context=non-requeueable deps ti=<TaskInstance: ecommerce_data_pipeline.extract_api_data manual__2026-03-18T08:40:01.775987+00:00 [queued]>
[2026-03-18T08:40:04.377+0000] {taskinstance.py:2073} INFO - Dependencies all met for dep_context=requeueable deps ti=<TaskInstance: ecommerce_data_pipeline.extract_api_data manual__2026-03-18T08:40:01.775987+00:00 [queued]>
[2026-03-18T08:40:04.377+0000] {taskinstance.py:2303} INFO - Starting attempt 1 of 2
[2026-03-18T08:40:04.389+0000] {taskinstance.py:2327} INFO - Executing <Task(PythonOperator): extract_api_data> on 2026-03-18 08:40:01.775987+00:00
[2026-03-18T08:40:04.393+0000] {standard_task_runner.py:63} INFO - Started process 2611 to run task
[2026-03-18T08:40:04.396+0000] {standard_task_runner.py:90} INFO - Running: ['airflow', 'tasks', 'run', 'ecommerce_data_pipeline', 'extract_api_data', 'manual__2026-03-18T08:40:01.775987+00:00', '--job-id', '7', '--raw', '--subdir', 'DAGS_FOLDER/ecommerce_pipeline.py', '--cfg-path', '/tmp/tmp8sdpyr0m']
[2026-03-18T08:40:04.396+0000] {standard_task_runner.py:91} INFO - Job 7: Subtask extract_api_data
[2026-03-18T08:40:04.431+0000] {task_command.py:426} INFO - Running <TaskInstance: ecommerce_data_pipeline.extract_api_data manual__2026-03-18T08:40:01.775987+00:00 [running]> on host Jeevan.localdomain
[2026-03-18T08:40:04.488+0000] {taskinstance.py:2644} INFO - Exporting env vars: AIRFLOW_CTX_DAG_OWNER='jeevan' AIRFLOW_CTX_DAG_ID='ecommerce_data_pipeline' AIRFLOW_CTX_TASK_ID='extract_api_data' AIRFLOW_CTX_EXECUTION_DATE='2026-03-18T08:40:01.775987+00:00' AIRFLOW_CTX_TRY_NUMBER='1' AIRFLOW_CTX_DAG_RUN_ID='manual__2026-03-18T08:40:01.775987+00:00'
[2026-03-18T08:40:04.489+0000] {taskinstance.py:430} INFO - ::endgroup::
[2026-03-18T08:40:05.808+0000] {logging_mixin.py:188} INFO - Saved products data to data/raw/products_20260318_084005.json
[2026-03-18T08:40:05.809+0000] {logging_mixin.py:188} INFO - Saved users data to data/raw/users_20260318_084005.json
[2026-03-18T08:40:05.809+0000] {logging_mixin.py:188} INFO - Saved carts data to data/raw/carts_20260318_084005.json
[2026-03-18T08:40:05.809+0000] {python.py:237} INFO - Done. Returned value was: None
[2026-03-18T08:40:05.809+0000] {taskinstance.py:441} INFO - ::group::Post task execution logs
[2026-03-18T08:40:05.812+0000] {taskinstance.py:1205} INFO - Marking task as SUCCESS. dag_id=ecommerce_data_pipeline, task_id=extract_api_data, execution_date=20260318T084001, start_date=20260318T084004, end_date=20260318T084005
[2026-03-18T08:40:05.864+0000] {local_task_job_runner.py:240} INFO - Task exited with return code 0
[2026-03-18T08:40:05.874+0000] {taskinstance.py:3482} INFO - 0 downstream tasks scheduled from follow-on schedule check
[2026-03-18T08:40:05.875+0000] {local_task_job_runner.py:222} INFO - ::endgroup::
