[2026-03-18T08:39:55.170+0000] {local_task_job_runner.py:120} INFO - ::group::Pre task execution logs
[2026-03-18T08:39:55.181+0000] {taskinstance.py:2073} INFO - Dependencies all met for dep_context=non-requeueable deps ti=<TaskInstance: ecommerce_data_pipeline.extract_api_data scheduled__2026-03-17T00:00:00+00:00 [queued]>
[2026-03-18T08:39:55.185+0000] {taskinstance.py:2073} INFO - Dependencies all met for dep_context=requeueable deps ti=<TaskInstance: ecommerce_data_pipeline.extract_api_data scheduled__2026-03-17T00:00:00+00:00 [queued]>
[2026-03-18T08:39:55.185+0000] {taskinstance.py:2303} INFO - Starting attempt 1 of 2
[2026-03-18T08:39:55.195+0000] {taskinstance.py:2327} INFO - Executing <Task(PythonOperator): extract_api_data> on 2026-03-17 00:00:00+00:00
[2026-03-18T08:39:55.198+0000] {standard_task_runner.py:63} INFO - Started process 2604 to run task
[2026-03-18T08:39:55.202+0000] {standard_task_runner.py:90} INFO - Running: ['airflow', 'tasks', 'run', 'ecommerce_data_pipeline', 'extract_api_data', 'scheduled__2026-03-17T00:00:00+00:00', '--job-id', '6', '--raw', '--subdir', 'DAGS_FOLDER/ecommerce_pipeline.py', '--cfg-path', '/tmp/tmpef4g4i3v']
[2026-03-18T08:39:55.202+0000] {standard_task_runner.py:91} INFO - Job 6: Subtask extract_api_data
[2026-03-18T08:39:55.240+0000] {task_command.py:426} INFO - Running <TaskInstance: ecommerce_data_pipeline.extract_api_data scheduled__2026-03-17T00:00:00+00:00 [running]> on host Jeevan.localdomain
[2026-03-18T08:39:55.290+0000] {taskinstance.py:2644} INFO - Exporting env vars: AIRFLOW_CTX_DAG_OWNER='jeevan' AIRFLOW_CTX_DAG_ID='ecommerce_data_pipeline' AIRFLOW_CTX_TASK_ID='extract_api_data' AIRFLOW_CTX_EXECUTION_DATE='2026-03-17T00:00:00+00:00' AIRFLOW_CTX_TRY_NUMBER='1' AIRFLOW_CTX_DAG_RUN_ID='scheduled__2026-03-17T00:00:00+00:00'
[2026-03-18T08:39:55.291+0000] {taskinstance.py:430} INFO - ::endgroup::
[2026-03-18T08:39:57.485+0000] {logging_mixin.py:188} INFO - Saved products data to data/raw/products_20260318_083957.json
[2026-03-18T08:39:57.486+0000] {logging_mixin.py:188} INFO - Saved users data to data/raw/users_20260318_083957.json
[2026-03-18T08:39:57.486+0000] {logging_mixin.py:188} INFO - Saved carts data to data/raw/carts_20260318_083957.json
[2026-03-18T08:39:57.486+0000] {python.py:237} INFO - Done. Returned value was: None
[2026-03-18T08:39:57.487+0000] {taskinstance.py:441} INFO - ::group::Post task execution logs
[2026-03-18T08:39:57.491+0000] {taskinstance.py:1205} INFO - Marking task as SUCCESS. dag_id=ecommerce_data_pipeline, task_id=extract_api_data, execution_date=20260317T000000, start_date=20260318T083955, end_date=20260318T083957
[2026-03-18T08:39:57.511+0000] {local_task_job_runner.py:240} INFO - Task exited with return code 0
[2026-03-18T08:39:57.522+0000] {taskinstance.py:3482} INFO - 0 downstream tasks scheduled from follow-on schedule check
[2026-03-18T08:39:57.523+0000] {local_task_job_runner.py:222} INFO - ::endgroup::
